24-12-18.08:39:20.793 [org.springframework.amqp.rabbit.RabbitListenerEndpointContainer#0-2] ERROR SimpleMessageListenerContainer - Failed to check/redeclare auto-delete queue(s).
org.springframework.amqp.AmqpIOException: java.net.SocketException: Software caused connection abort: connect
	at org.springframework.amqp.rabbit.support.RabbitExceptionTranslator.convertRabbitAccessException(RabbitExceptionTranslator.java:70)
	at org.springframework.amqp.rabbit.connection.AbstractConnectionFactory.createBareConnection(AbstractConnectionFactory.java:603)
	at org.springframework.amqp.rabbit.connection.CachingConnectionFactory.createConnection(CachingConnectionFactory.java:725)
	at org.springframework.amqp.rabbit.connection.CachingConnectionFactory.createBareChannel(CachingConnectionFactory.java:676)
	at org.springframework.amqp.rabbit.connection.CachingConnectionFactory.getCachedChannelProxy(CachingConnectionFactory.java:650)
	at org.springframework.amqp.rabbit.connection.CachingConnectionFactory.getChannel(CachingConnectionFactory.java:540)
	at org.springframework.amqp.rabbit.connection.CachingConnectionFactory.access$1600(CachingConnectionFactory.java:100)
	at org.springframework.amqp.rabbit.connection.CachingConnectionFactory$ChannelCachingConnectionProxy.createChannel(CachingConnectionFactory.java:1418)
	at org.springframework.amqp.rabbit.core.RabbitTemplate.doExecute(RabbitTemplate.java:2216)
	at org.springframework.amqp.rabbit.core.RabbitTemplate.execute(RabbitTemplate.java:2183)
	at org.springframework.amqp.rabbit.core.RabbitTemplate.execute(RabbitTemplate.java:2163)
	at org.springframework.amqp.rabbit.core.RabbitAdmin.getQueueInfo(RabbitAdmin.java:463)
	at org.springframework.amqp.rabbit.core.RabbitAdmin.getQueueProperties(RabbitAdmin.java:447)
	at org.springframework.amqp.rabbit.listener.AbstractMessageListenerContainer.attemptDeclarations(AbstractMessageListenerContainer.java:1942)
	at org.springframework.amqp.rabbit.listener.AbstractMessageListenerContainer.redeclareElementsIfNecessary(AbstractMessageListenerContainer.java:1915)
	at org.springframework.amqp.rabbit.listener.SimpleMessageListenerContainer$AsyncMessageProcessingConsumer.initialize(SimpleMessageListenerContainer.java:1384)
	at org.springframework.amqp.rabbit.listener.SimpleMessageListenerContainer$AsyncMessageProcessingConsumer.run(SimpleMessageListenerContainer.java:1230)
	at java.lang.Thread.run(Thread.java:750)
Caused by: java.net.SocketException: Software caused connection abort: connect
	at java.net.DualStackPlainSocketImpl.waitForConnect(Native Method)
	at java.net.DualStackPlainSocketImpl.socketConnect(DualStackPlainSocketImpl.java:85)
	at java.net.AbstractPlainSocketImpl.doConnect(AbstractPlainSocketImpl.java:350)
	at java.net.AbstractPlainSocketImpl.connectToAddress(AbstractPlainSocketImpl.java:206)
	at java.net.AbstractPlainSocketImpl.connect(AbstractPlainSocketImpl.java:188)
	at java.net.PlainSocketImpl.connect(PlainSocketImpl.java:172)
	at java.net.SocksSocketImpl.connect(SocksSocketImpl.java:392)
	at java.net.Socket.connect(Socket.java:607)
	at com.rabbitmq.client.impl.SocketFrameHandlerFactory.create(SocketFrameHandlerFactory.java:60)
	at com.rabbitmq.client.ConnectionFactory.newConnection(ConnectionFactory.java:1223)
	at com.rabbitmq.client.ConnectionFactory.newConnection(ConnectionFactory.java:1173)
	at org.springframework.amqp.rabbit.connection.AbstractConnectionFactory.connectAddresses(AbstractConnectionFactory.java:641)
	at org.springframework.amqp.rabbit.connection.AbstractConnectionFactory.connect(AbstractConnectionFactory.java:616)
	at org.springframework.amqp.rabbit.connection.AbstractConnectionFactory.createBareConnection(AbstractConnectionFactory.java:566)
	... 16 common frames omitted
24-12-18.08:39:20.829 [org.springframework.amqp.rabbit.RabbitListenerEndpointContainer#1-2] ERROR SimpleMessageListenerContainer - Failed to check/redeclare auto-delete queue(s).
org.springframework.amqp.AmqpIOException: java.net.NoRouteToHostException: No route to host: connect
	at org.springframework.amqp.rabbit.support.RabbitExceptionTranslator.convertRabbitAccessException(RabbitExceptionTranslator.java:70)
	at org.springframework.amqp.rabbit.connection.AbstractConnectionFactory.createBareConnection(AbstractConnectionFactory.java:603)
	at org.springframework.amqp.rabbit.connection.CachingConnectionFactory.createConnection(CachingConnectionFactory.java:725)
	at org.springframework.amqp.rabbit.connection.ConnectionFactoryUtils.createConnection(ConnectionFactoryUtils.java:252)
	at org.springframework.amqp.rabbit.core.RabbitTemplate.doExecute(RabbitTemplate.java:2210)
	at org.springframework.amqp.rabbit.core.RabbitTemplate.execute(RabbitTemplate.java:2183)
	at org.springframework.amqp.rabbit.core.RabbitTemplate.execute(RabbitTemplate.java:2163)
	at org.springframework.amqp.rabbit.core.RabbitAdmin.getQueueInfo(RabbitAdmin.java:463)
	at org.springframework.amqp.rabbit.core.RabbitAdmin.getQueueProperties(RabbitAdmin.java:447)
	at org.springframework.amqp.rabbit.listener.AbstractMessageListenerContainer.attemptDeclarations(AbstractMessageListenerContainer.java:1942)
	at org.springframework.amqp.rabbit.listener.AbstractMessageListenerContainer.redeclareElementsIfNecessary(AbstractMessageListenerContainer.java:1915)
	at org.springframework.amqp.rabbit.listener.SimpleMessageListenerContainer$AsyncMessageProcessingConsumer.initialize(SimpleMessageListenerContainer.java:1384)
	at org.springframework.amqp.rabbit.listener.SimpleMessageListenerContainer$AsyncMessageProcessingConsumer.run(SimpleMessageListenerContainer.java:1230)
	at java.lang.Thread.run(Thread.java:750)
Caused by: java.net.NoRouteToHostException: No route to host: connect
	at java.net.DualStackPlainSocketImpl.waitForConnect(Native Method)
	at java.net.DualStackPlainSocketImpl.socketConnect(DualStackPlainSocketImpl.java:85)
	at java.net.AbstractPlainSocketImpl.doConnect(AbstractPlainSocketImpl.java:350)
	at java.net.AbstractPlainSocketImpl.connectToAddress(AbstractPlainSocketImpl.java:206)
	at java.net.AbstractPlainSocketImpl.connect(AbstractPlainSocketImpl.java:188)
	at java.net.PlainSocketImpl.connect(PlainSocketImpl.java:172)
	at java.net.SocksSocketImpl.connect(SocksSocketImpl.java:392)
	at java.net.Socket.connect(Socket.java:607)
	at com.rabbitmq.client.impl.SocketFrameHandlerFactory.create(SocketFrameHandlerFactory.java:60)
	at com.rabbitmq.client.ConnectionFactory.newConnection(ConnectionFactory.java:1223)
	at com.rabbitmq.client.ConnectionFactory.newConnection(ConnectionFactory.java:1173)
	at org.springframework.amqp.rabbit.connection.AbstractConnectionFactory.connectAddresses(AbstractConnectionFactory.java:641)
	at org.springframework.amqp.rabbit.connection.AbstractConnectionFactory.connect(AbstractConnectionFactory.java:616)
	at org.springframework.amqp.rabbit.connection.AbstractConnectionFactory.createBareConnection(AbstractConnectionFactory.java:566)
	... 12 common frames omitted
24-12-18.08:39:23.708 [scheduling-1    ] ERROR TaskUtils$LoggingErrorHandler - Unexpected error occurred in scheduled task
org.springframework.data.redis.RedisConnectionFailureException: Unable to write command into connection! Increase nettyThreads setting. Node source: NodeSource [slot=0, addr=null, redisClient=null, redirect=null, entry=null], connection: RedisConnection@1350381285 [redisClient=[addr=redis://192.168.245.135:6379], channel=[id: 0x02a11d19, L:/192.168.245.1:63023 ! R:192.168.245.135/192.168.245.135:6379], currentCommand=null, usage=1], command: (LPOP), params: [strategy_award_queue_key] after 3 retry attempts; nested exception is org.redisson.client.WriteRedisConnectionException: Unable to write command into connection! Increase nettyThreads setting. Node source: NodeSource [slot=0, addr=null, redisClient=null, redirect=null, entry=null], connection: RedisConnection@1350381285 [redisClient=[addr=redis://192.168.245.135:6379], channel=[id: 0x02a11d19, L:/192.168.245.1:63023 ! R:192.168.245.135/192.168.245.135:6379], currentCommand=null, usage=1], command: (LPOP), params: [strategy_award_queue_key] after 3 retry attempts
	at org.redisson.spring.data.connection.RedissonExceptionConverter.convert(RedissonExceptionConverter.java:40)
	at org.redisson.spring.data.connection.RedissonExceptionConverter.convert(RedissonExceptionConverter.java:35)
	at org.springframework.data.redis.PassThroughExceptionTranslationStrategy.translate(PassThroughExceptionTranslationStrategy.java:44)
	at org.redisson.spring.data.connection.RedissonConnectionFactory.translateExceptionIfPossible(RedissonConnectionFactory.java:91)
	at org.springframework.dao.support.ChainedPersistenceExceptionTranslator.translateExceptionIfPossible(ChainedPersistenceExceptionTranslator.java:61)
	at org.springframework.dao.support.DataAccessUtils.translateIfNecessary(DataAccessUtils.java:242)
	at org.springframework.dao.support.PersistenceExceptionTranslationInterceptor.invoke(PersistenceExceptionTranslationInterceptor.java:152)
	at org.springframework.aop.framework.ReflectiveMethodInvocation.proceed(ReflectiveMethodInvocation.java:186)
	at org.springframework.aop.framework.CglibAopProxy$CglibMethodInvocation.proceed(CglibAopProxy.java:763)
	at org.springframework.aop.framework.CglibAopProxy$DynamicAdvisedInterceptor.intercept(CglibAopProxy.java:708)
	at com.aqiu.infrastructure.persistent.repository.StrategyRepository$$EnhancerBySpringCGLIB$$20fe32f2.takeQueueValue(<generated>)
	at com.aqiu.domain.strategy.service.raffle.DefaultRaffleStrategy.takeQueueValue(DefaultRaffleStrategy.java:56)
	at com.aqiu.trigger.job.UpdateAwardStockJob.exec(UpdateAwardStockJob.java:22)
	at sun.reflect.GeneratedMethodAccessor34.invoke(Unknown Source)
	at sun.reflect.DelegatingMethodAccessorImpl.invoke(DelegatingMethodAccessorImpl.java:43)
	at java.lang.reflect.Method.invoke(Method.java:498)
	at org.springframework.scheduling.support.ScheduledMethodRunnable.run(ScheduledMethodRunnable.java:84)
	at org.springframework.scheduling.support.DelegatingErrorHandlingRunnable.run(DelegatingErrorHandlingRunnable.java:54)
	at org.springframework.scheduling.concurrent.ReschedulingRunnable.run(ReschedulingRunnable.java:95)
	at java.util.concurrent.Executors$RunnableAdapter.call(Executors.java:511)
	at java.util.concurrent.FutureTask.run$$$capture(FutureTask.java:266)
	at java.util.concurrent.FutureTask.run(FutureTask.java)
	at java.util.concurrent.ScheduledThreadPoolExecutor$ScheduledFutureTask.access$201(ScheduledThreadPoolExecutor.java:180)
	at java.util.concurrent.ScheduledThreadPoolExecutor$ScheduledFutureTask.run(ScheduledThreadPoolExecutor.java:293)
	at java.util.concurrent.ThreadPoolExecutor.runWorker(ThreadPoolExecutor.java:1149)
	at java.util.concurrent.ThreadPoolExecutor$Worker.run(ThreadPoolExecutor.java:624)
	at java.lang.Thread.run(Thread.java:750)
Caused by: org.redisson.client.WriteRedisConnectionException: Unable to write command into connection! Increase nettyThreads setting. Node source: NodeSource [slot=0, addr=null, redisClient=null, redirect=null, entry=null], connection: RedisConnection@1350381285 [redisClient=[addr=redis://192.168.245.135:6379], channel=[id: 0x02a11d19, L:/192.168.245.1:63023 ! R:192.168.245.135/192.168.245.135:6379], currentCommand=null, usage=1], command: (LPOP), params: [strategy_award_queue_key] after 3 retry attempts
	at org.redisson.command.RedisExecutor.checkWriteFuture(RedisExecutor.java:345)
	at org.redisson.command.RedisExecutor.lambda$execute$3(RedisExecutor.java:188)
	at io.netty.util.concurrent.DefaultPromise.notifyListener0(DefaultPromise.java:590)
	at io.netty.util.concurrent.DefaultPromise.notifyListenersNow(DefaultPromise.java:557)
	at io.netty.util.concurrent.DefaultPromise.notifyListeners(DefaultPromise.java:492)
	at io.netty.util.concurrent.DefaultPromise.setValue0(DefaultPromise.java:636)
	at io.netty.util.concurrent.DefaultPromise.setFailure0(DefaultPromise.java:629)
	at io.netty.util.concurrent.DefaultPromise.tryFailure(DefaultPromise.java:118)
	at io.netty.channel.AbstractChannel$AbstractUnsafe.safeSetFailure(AbstractChannel.java:999)
	at io.netty.channel.AbstractChannel$AbstractUnsafe.write(AbstractChannel.java:860)
	at io.netty.channel.DefaultChannelPipeline$HeadContext.write(DefaultChannelPipeline.java:1367)
	at io.netty.channel.AbstractChannelHandlerContext.invokeWrite0(AbstractChannelHandlerContext.java:877)
	at io.netty.channel.AbstractChannelHandlerContext.invokeWriteAndFlush(AbstractChannelHandlerContext.java:940)
	at io.netty.channel.AbstractChannelHandlerContext$WriteTask.run(AbstractChannelHandlerContext.java:1247)
	at io.netty.util.concurrent.AbstractEventExecutor.runTask$$$capture(AbstractEventExecutor.java:174)
	at io.netty.util.concurrent.AbstractEventExecutor.runTask(AbstractEventExecutor.java)
	at io.netty.util.concurrent.AbstractEventExecutor.safeExecute$$$capture(AbstractEventExecutor.java:167)
	at io.netty.util.concurrent.AbstractEventExecutor.safeExecute(AbstractEventExecutor.java)
	at io.netty.util.concurrent.SingleThreadEventExecutor.runAllTasks(SingleThreadEventExecutor.java:470)
	at io.netty.channel.nio.NioEventLoop.run(NioEventLoop.java:569)
	at io.netty.util.concurrent.SingleThreadEventExecutor$4.run(SingleThreadEventExecutor.java:997)
	at io.netty.util.internal.ThreadExecutorMap$2.run(ThreadExecutorMap.java:74)
	at io.netty.util.concurrent.FastThreadLocalRunnable.run(FastThreadLocalRunnable.java:30)
	... 1 common frames omitted
Caused by: io.netty.channel.StacklessClosedChannelException: null
	at io.netty.channel.AbstractChannel$AbstractUnsafe.write(Object, ChannelPromise)(Unknown Source)
24-12-18.08:39:23.785 [pool-3-thread-16] WARN  PoolBase               - Retail_HikariCP - Failed to validate connection com.mysql.cj.jdbc.ConnectionImpl@65ab98b4 (The last packet successfully received from the server was 54,473,707 milliseconds ago. The last packet sent successfully to the server was 54,473,708 milliseconds ago. is longer than the server configured value of 'wait_timeout'. You should consider either expiring and/or testing connection validity before use in your application, increasing the server configured values for client timeouts, or using the Connector/J connection property 'autoReconnect=true' to avoid this problem.). Possibly consider using a shorter maxLifetime value.
24-12-18.08:39:23.785 [pool-3-thread-15] WARN  PoolBase               - Retail_HikariCP - Failed to validate connection com.mysql.cj.jdbc.ConnectionImpl@21ab3c8b (The last packet successfully received from the server was 54,473,707 milliseconds ago. The last packet sent successfully to the server was 54,473,708 milliseconds ago. is longer than the server configured value of 'wait_timeout'. You should consider either expiring and/or testing connection validity before use in your application, increasing the server configured values for client timeouts, or using the Connector/J connection property 'autoReconnect=true' to avoid this problem.). Possibly consider using a shorter maxLifetime value.
24-12-18.08:39:23.880 [pool-3-thread-16] WARN  PoolBase               - Retail_HikariCP - Failed to validate connection com.mysql.cj.jdbc.ConnectionImpl@12771882 (The last packet successfully received from the server was 55,361,173 milliseconds ago. The last packet sent successfully to the server was 55,361,173 milliseconds ago. is longer than the server configured value of 'wait_timeout'. You should consider either expiring and/or testing connection validity before use in your application, increasing the server configured values for client timeouts, or using the Connector/J connection property 'autoReconnect=true' to avoid this problem.). Possibly consider using a shorter maxLifetime value.
24-12-18.08:39:23.899 [pool-3-thread-15] WARN  PoolBase               - Retail_HikariCP - Failed to validate connection com.mysql.cj.jdbc.ConnectionImpl@515b99a3 (The last packet successfully received from the server was 55,377,659 milliseconds ago. The last packet sent successfully to the server was 55,377,659 milliseconds ago. is longer than the server configured value of 'wait_timeout'. You should consider either expiring and/or testing connection validity before use in your application, increasing the server configured values for client timeouts, or using the Connector/J connection property 'autoReconnect=true' to avoid this problem.). Possibly consider using a shorter maxLifetime value.
24-12-18.08:39:23.925 [pool-3-thread-16] WARN  PoolBase               - Retail_HikariCP - Failed to validate connection com.mysql.cj.jdbc.ConnectionImpl@69025c93 (The last packet successfully received from the server was 55,357,893 milliseconds ago. The last packet sent successfully to the server was 55,357,894 milliseconds ago. is longer than the server configured value of 'wait_timeout'. You should consider either expiring and/or testing connection validity before use in your application, increasing the server configured values for client timeouts, or using the Connector/J connection property 'autoReconnect=true' to avoid this problem.). Possibly consider using a shorter maxLifetime value.
24-12-18.08:39:23.940 [pool-3-thread-15] WARN  PoolBase               - Retail_HikariCP - Failed to validate connection com.mysql.cj.jdbc.ConnectionImpl@44729a99 (The last packet successfully received from the server was 55,377,482 milliseconds ago. The last packet sent successfully to the server was 55,377,482 milliseconds ago. is longer than the server configured value of 'wait_timeout'. You should consider either expiring and/or testing connection validity before use in your application, increasing the server configured values for client timeouts, or using the Connector/J connection property 'autoReconnect=true' to avoid this problem.). Possibly consider using a shorter maxLifetime value.
24-12-18.08:39:23.940 [pool-3-thread-16] WARN  PoolBase               - Retail_HikariCP - Failed to validate connection com.mysql.cj.jdbc.ConnectionImpl@5055173f (The last packet successfully received from the server was 55,341,381 milliseconds ago. The last packet sent successfully to the server was 55,341,382 milliseconds ago. is longer than the server configured value of 'wait_timeout'. You should consider either expiring and/or testing connection validity before use in your application, increasing the server configured values for client timeouts, or using the Connector/J connection property 'autoReconnect=true' to avoid this problem.). Possibly consider using a shorter maxLifetime value.
24-12-18.08:39:24.355 [pool-3-thread-16] WARN  PoolBase               - Retail_HikariCP - Failed to validate connection com.mysql.cj.jdbc.ConnectionImpl@3754ac24 (The last packet successfully received from the server was 55,340,136 milliseconds ago. The last packet sent successfully to the server was 55,340,136 milliseconds ago. is longer than the server configured value of 'wait_timeout'. You should consider either expiring and/or testing connection validity before use in your application, increasing the server configured values for client timeouts, or using the Connector/J connection property 'autoReconnect=true' to avoid this problem.). Possibly consider using a shorter maxLifetime value.
24-12-18.08:39:24.355 [pool-3-thread-15] WARN  PoolBase               - Retail_HikariCP - Failed to validate connection com.mysql.cj.jdbc.ConnectionImpl@3c45b9f8 (The last packet successfully received from the server was 55,376,723 milliseconds ago. The last packet sent successfully to the server was 55,376,723 milliseconds ago. is longer than the server configured value of 'wait_timeout'. You should consider either expiring and/or testing connection validity before use in your application, increasing the server configured values for client timeouts, or using the Connector/J connection property 'autoReconnect=true' to avoid this problem.). Possibly consider using a shorter maxLifetime value.
24-12-18.08:39:24.364 [pool-3-thread-16] WARN  PoolBase               - Retail_HikariCP - Failed to validate connection com.mysql.cj.jdbc.ConnectionImpl@1dcd0144 (The last packet successfully received from the server was 55,338,200 milliseconds ago. The last packet sent successfully to the server was 55,338,200 milliseconds ago. is longer than the server configured value of 'wait_timeout'. You should consider either expiring and/or testing connection validity before use in your application, increasing the server configured values for client timeouts, or using the Connector/J connection property 'autoReconnect=true' to avoid this problem.). Possibly consider using a shorter maxLifetime value.
24-12-18.08:39:24.386 [pool-3-thread-15] WARN  PoolBase               - Retail_HikariCP - Failed to validate connection com.mysql.cj.jdbc.ConnectionImpl@3ee4fd27 (The last packet successfully received from the server was 55,369,813 milliseconds ago. The last packet sent successfully to the server was 55,369,813 milliseconds ago. is longer than the server configured value of 'wait_timeout'. You should consider either expiring and/or testing connection validity before use in your application, increasing the server configured values for client timeouts, or using the Connector/J connection property 'autoReconnect=true' to avoid this problem.). Possibly consider using a shorter maxLifetime value.
24-12-18.08:39:24.405 [pool-3-thread-16] WARN  PoolBase               - Retail_HikariCP - Failed to validate connection com.mysql.cj.jdbc.ConnectionImpl@66d030aa (The last packet successfully received from the server was 55,337,975 milliseconds ago. The last packet sent successfully to the server was 55,337,975 milliseconds ago. is longer than the server configured value of 'wait_timeout'. You should consider either expiring and/or testing connection validity before use in your application, increasing the server configured values for client timeouts, or using the Connector/J connection property 'autoReconnect=true' to avoid this problem.). Possibly consider using a shorter maxLifetime value.
24-12-18.08:39:24.407 [pool-3-thread-15] WARN  PoolBase               - Retail_HikariCP - Failed to validate connection com.mysql.cj.jdbc.ConnectionImpl@63890f6d (The last packet successfully received from the server was 55,362,090 milliseconds ago. The last packet sent successfully to the server was 55,362,090 milliseconds ago. is longer than the server configured value of 'wait_timeout'. You should consider either expiring and/or testing connection validity before use in your application, increasing the server configured values for client timeouts, or using the Connector/J connection property 'autoReconnect=true' to avoid this problem.). Possibly consider using a shorter maxLifetime value.
24-12-18.08:39:24.422 [pool-3-thread-16] WARN  PoolBase               - Retail_HikariCP - Failed to validate connection com.mysql.cj.jdbc.ConnectionImpl@1e443fa0 (The last packet successfully received from the server was 55,334,938 milliseconds ago. The last packet sent successfully to the server was 55,334,938 milliseconds ago. is longer than the server configured value of 'wait_timeout'. You should consider either expiring and/or testing connection validity before use in your application, increasing the server configured values for client timeouts, or using the Connector/J connection property 'autoReconnect=true' to avoid this problem.). Possibly consider using a shorter maxLifetime value.
24-12-18.08:39:24.426 [pool-3-thread-15] WARN  PoolBase               - Retail_HikariCP - Failed to validate connection com.mysql.cj.jdbc.ConnectionImpl@7212e09d (The last packet successfully received from the server was 55,359,499 milliseconds ago. The last packet sent successfully to the server was 55,359,500 milliseconds ago. is longer than the server configured value of 'wait_timeout'. You should consider either expiring and/or testing connection validity before use in your application, increasing the server configured values for client timeouts, or using the Connector/J connection property 'autoReconnect=true' to avoid this problem.). Possibly consider using a shorter maxLifetime value.
24-12-18.08:39:24.437 [pool-3-thread-16] WARN  PoolBase               - Retail_HikariCP - Failed to validate connection com.mysql.cj.jdbc.ConnectionImpl@c6385c0 (The last packet successfully received from the server was 55,329,083 milliseconds ago. The last packet sent successfully to the server was 55,329,084 milliseconds ago. is longer than the server configured value of 'wait_timeout'. You should consider either expiring and/or testing connection validity before use in your application, increasing the server configured values for client timeouts, or using the Connector/J connection property 'autoReconnect=true' to avoid this problem.). Possibly consider using a shorter maxLifetime value.
24-12-18.08:39:24.439 [pool-3-thread-15] WARN  PoolBase               - Retail_HikariCP - Failed to validate connection com.mysql.cj.jdbc.ConnectionImpl@6b86363d (The last packet successfully received from the server was 55,357,580 milliseconds ago. The last packet sent successfully to the server was 55,357,580 milliseconds ago. is longer than the server configured value of 'wait_timeout'. You should consider either expiring and/or testing connection validity before use in your application, increasing the server configured values for client timeouts, or using the Connector/J connection property 'autoReconnect=true' to avoid this problem.). Possibly consider using a shorter maxLifetime value.
24-12-18.08:39:24.448 [pool-3-thread-16] WARN  PoolBase               - Retail_HikariCP - Failed to validate connection com.mysql.cj.jdbc.ConnectionImpl@79516229 (The last packet successfully received from the server was 55,326,184 milliseconds ago. The last packet sent successfully to the server was 55,326,184 milliseconds ago. is longer than the server configured value of 'wait_timeout'. You should consider either expiring and/or testing connection validity before use in your application, increasing the server configured values for client timeouts, or using the Connector/J connection property 'autoReconnect=true' to avoid this problem.). Possibly consider using a shorter maxLifetime value.
24-12-18.08:39:24.457 [pool-3-thread-16] WARN  PoolBase               - Retail_HikariCP - Failed to validate connection com.mysql.cj.jdbc.ConnectionImpl@1ee348c9 (The last packet successfully received from the server was 55,325,887 milliseconds ago. The last packet sent successfully to the server was 55,325,888 milliseconds ago. is longer than the server configured value of 'wait_timeout'. You should consider either expiring and/or testing connection validity before use in your application, increasing the server configured values for client timeouts, or using the Connector/J connection property 'autoReconnect=true' to avoid this problem.). Possibly consider using a shorter maxLifetime value.
24-12-18.08:39:24.457 [pool-3-thread-15] WARN  PoolBase               - Retail_HikariCP - Failed to validate connection com.mysql.cj.jdbc.ConnectionImpl@275b1fa1 (The last packet successfully received from the server was 55,349,030 milliseconds ago. The last packet sent successfully to the server was 55,349,031 milliseconds ago. is longer than the server configured value of 'wait_timeout'. You should consider either expiring and/or testing connection validity before use in your application, increasing the server configured values for client timeouts, or using the Connector/J connection property 'autoReconnect=true' to avoid this problem.). Possibly consider using a shorter maxLifetime value.
24-12-18.08:39:24.469 [pool-3-thread-16] WARN  PoolBase               - Retail_HikariCP - Failed to validate connection com.mysql.cj.jdbc.ConnectionImpl@2165cd8a (The last packet successfully received from the server was 55,324,119 milliseconds ago. The last packet sent successfully to the server was 55,324,119 milliseconds ago. is longer than the server configured value of 'wait_timeout'. You should consider either expiring and/or testing connection validity before use in your application, increasing the server configured values for client timeouts, or using the Connector/J connection property 'autoReconnect=true' to avoid this problem.). Possibly consider using a shorter maxLifetime value.
24-12-18.08:39:24.470 [pool-3-thread-15] WARN  PoolBase               - Retail_HikariCP - Failed to validate connection com.mysql.cj.jdbc.ConnectionImpl@c029e40 (The last packet successfully received from the server was 55,346,086 milliseconds ago. The last packet sent successfully to the server was 55,346,088 milliseconds ago. is longer than the server configured value of 'wait_timeout'. You should consider either expiring and/or testing connection validity before use in your application, increasing the server configured values for client timeouts, or using the Connector/J connection property 'autoReconnect=true' to avoid this problem.). Possibly consider using a shorter maxLifetime value.
24-12-18.08:39:24.484 [pool-3-thread-16] WARN  PoolBase               - Retail_HikariCP - Failed to validate connection com.mysql.cj.jdbc.ConnectionImpl@313801e3 (The last packet successfully received from the server was 55,318,410 milliseconds ago. The last packet sent successfully to the server was 55,318,412 milliseconds ago. is longer than the server configured value of 'wait_timeout'. You should consider either expiring and/or testing connection validity before use in your application, increasing the server configured values for client timeouts, or using the Connector/J connection property 'autoReconnect=true' to avoid this problem.). Possibly consider using a shorter maxLifetime value.
24-12-18.08:39:24.484 [pool-3-thread-15] WARN  PoolBase               - Retail_HikariCP - Failed to validate connection com.mysql.cj.jdbc.ConnectionImpl@69718155 (The last packet successfully received from the server was 55,335,781 milliseconds ago. The last packet sent successfully to the server was 55,335,781 milliseconds ago. is longer than the server configured value of 'wait_timeout'. You should consider either expiring and/or testing connection validity before use in your application, increasing the server configured values for client timeouts, or using the Connector/J connection property 'autoReconnect=true' to avoid this problem.). Possibly consider using a shorter maxLifetime value.
24-12-18.08:39:24.494 [pool-3-thread-15] WARN  PoolBase               - Retail_HikariCP - Failed to validate connection com.mysql.cj.jdbc.ConnectionImpl@331c6598 (The last packet successfully received from the server was 55,332,473 milliseconds ago. The last packet sent successfully to the server was 55,332,473 milliseconds ago. is longer than the server configured value of 'wait_timeout'. You should consider either expiring and/or testing connection validity before use in your application, increasing the server configured values for client timeouts, or using the Connector/J connection property 'autoReconnect=true' to avoid this problem.). Possibly consider using a shorter maxLifetime value.
24-12-18.08:39:24.495 [pool-3-thread-16] WARN  PoolBase               - Retail_HikariCP - Failed to validate connection com.mysql.cj.jdbc.ConnectionImpl@430a6dc7 (The last packet successfully received from the server was 55,316,445 milliseconds ago. The last packet sent successfully to the server was 55,316,447 milliseconds ago. is longer than the server configured value of 'wait_timeout'. You should consider either expiring and/or testing connection validity before use in your application, increasing the server configured values for client timeouts, or using the Connector/J connection property 'autoReconnect=true' to avoid this problem.). Possibly consider using a shorter maxLifetime value.
24-12-18.08:39:24.506 [pool-3-thread-16] WARN  PoolBase               - Retail_HikariCP - Failed to validate connection com.mysql.cj.jdbc.ConnectionImpl@47abc06f (The last packet successfully received from the server was 55,311,141 milliseconds ago. The last packet sent successfully to the server was 55,311,142 milliseconds ago. is longer than the server configured value of 'wait_timeout'. You should consider either expiring and/or testing connection validity before use in your application, increasing the server configured values for client timeouts, or using the Connector/J connection property 'autoReconnect=true' to avoid this problem.). Possibly consider using a shorter maxLifetime value.
24-12-18.08:39:24.506 [pool-3-thread-15] WARN  PoolBase               - Retail_HikariCP - Failed to validate connection com.mysql.cj.jdbc.ConnectionImpl@4cc5d24d (The last packet successfully received from the server was 55,325,889 milliseconds ago. The last packet sent successfully to the server was 55,325,890 milliseconds ago. is longer than the server configured value of 'wait_timeout'. You should consider either expiring and/or testing connection validity before use in your application, increasing the server configured values for client timeouts, or using the Connector/J connection property 'autoReconnect=true' to avoid this problem.). Possibly consider using a shorter maxLifetime value.
24-12-18.08:39:24.513 [pool-3-thread-15] WARN  PoolBase               - Retail_HikariCP - Failed to validate connection com.mysql.cj.jdbc.ConnectionImpl@542db50b (The last packet successfully received from the server was 55,324,122 milliseconds ago. The last packet sent successfully to the server was 55,324,123 milliseconds ago. is longer than the server configured value of 'wait_timeout'. You should consider either expiring and/or testing connection validity before use in your application, increasing the server configured values for client timeouts, or using the Connector/J connection property 'autoReconnect=true' to avoid this problem.). Possibly consider using a shorter maxLifetime value.
24-12-18.08:39:24.518 [pool-3-thread-15] WARN  PoolBase               - Retail_HikariCP - Failed to validate connection com.mysql.cj.jdbc.ConnectionImpl@31b3edf2 (The last packet successfully received from the server was 55,289,501 milliseconds ago. The last packet sent successfully to the server was 55,289,501 milliseconds ago. is longer than the server configured value of 'wait_timeout'. You should consider either expiring and/or testing connection validity before use in your application, increasing the server configured values for client timeouts, or using the Connector/J connection property 'autoReconnect=true' to avoid this problem.). Possibly consider using a shorter maxLifetime value.
24-12-18.08:39:26.930 [scheduling-1    ] ERROR TaskUtils$LoggingErrorHandler - Unexpected error occurred in scheduled task
org.springframework.data.redis.RedisConnectionFailureException: Unable to write command into connection! Increase nettyThreads setting. Node source: NodeSource [slot=0, addr=null, redisClient=null, redirect=null, entry=null], connection: RedisConnection@1707877754 [redisClient=[addr=redis://192.168.245.135:6379], channel=[id: 0x8ca1dfcf, L:/192.168.245.1:63027 ! R:192.168.245.135/192.168.245.135:6379], currentCommand=null, usage=1], command: (LPOP), params: [activity_sku_count_query_key_] after 3 retry attempts; nested exception is org.redisson.client.WriteRedisConnectionException: Unable to write command into connection! Increase nettyThreads setting. Node source: NodeSource [slot=0, addr=null, redisClient=null, redirect=null, entry=null], connection: RedisConnection@1707877754 [redisClient=[addr=redis://192.168.245.135:6379], channel=[id: 0x8ca1dfcf, L:/192.168.245.1:63027 ! R:192.168.245.135/192.168.245.135:6379], currentCommand=null, usage=1], command: (LPOP), params: [activity_sku_count_query_key_] after 3 retry attempts
	at org.redisson.spring.data.connection.RedissonExceptionConverter.convert(RedissonExceptionConverter.java:40)
	at org.redisson.spring.data.connection.RedissonExceptionConverter.convert(RedissonExceptionConverter.java:35)
	at org.springframework.data.redis.PassThroughExceptionTranslationStrategy.translate(PassThroughExceptionTranslationStrategy.java:44)
	at org.redisson.spring.data.connection.RedissonConnectionFactory.translateExceptionIfPossible(RedissonConnectionFactory.java:91)
	at org.springframework.dao.support.ChainedPersistenceExceptionTranslator.translateExceptionIfPossible(ChainedPersistenceExceptionTranslator.java:61)
	at org.springframework.dao.support.DataAccessUtils.translateIfNecessary(DataAccessUtils.java:242)
	at org.springframework.dao.support.PersistenceExceptionTranslationInterceptor.invoke(PersistenceExceptionTranslationInterceptor.java:152)
	at org.springframework.aop.framework.ReflectiveMethodInvocation.proceed(ReflectiveMethodInvocation.java:186)
	at org.springframework.aop.framework.CglibAopProxy$CglibMethodInvocation.proceed(CglibAopProxy.java:763)
	at org.springframework.aop.framework.CglibAopProxy$DynamicAdvisedInterceptor.intercept(CglibAopProxy.java:708)
	at com.aqiu.infrastructure.persistent.repository.ActivityRepository$$EnhancerBySpringCGLIB$$35fa6a46.takeQueueValue(<generated>)
	at com.aqiu.domain.activity.service.quota.RaffleActivityAccountQuotaService.takeQueueValue(RaffleActivityAccountQuotaService.java:57)
	at com.aqiu.trigger.job.UpdateActivitySkuStockJob.exec(UpdateActivitySkuStockJob.java:21)
	at sun.reflect.GeneratedMethodAccessor32.invoke(Unknown Source)
	at sun.reflect.DelegatingMethodAccessorImpl.invoke(DelegatingMethodAccessorImpl.java:43)
	at java.lang.reflect.Method.invoke(Method.java:498)
	at org.springframework.scheduling.support.ScheduledMethodRunnable.run(ScheduledMethodRunnable.java:84)
	at org.springframework.scheduling.support.DelegatingErrorHandlingRunnable.run(DelegatingErrorHandlingRunnable.java:54)
	at org.springframework.scheduling.concurrent.ReschedulingRunnable.run(ReschedulingRunnable.java:95)
	at java.util.concurrent.Executors$RunnableAdapter.call(Executors.java:511)
	at java.util.concurrent.FutureTask.run$$$capture(FutureTask.java:266)
	at java.util.concurrent.FutureTask.run(FutureTask.java)
	at java.util.concurrent.ScheduledThreadPoolExecutor$ScheduledFutureTask.access$201(ScheduledThreadPoolExecutor.java:180)
	at java.util.concurrent.ScheduledThreadPoolExecutor$ScheduledFutureTask.run(ScheduledThreadPoolExecutor.java:293)
	at java.util.concurrent.ThreadPoolExecutor.runWorker(ThreadPoolExecutor.java:1149)
	at java.util.concurrent.ThreadPoolExecutor$Worker.run(ThreadPoolExecutor.java:624)
	at java.lang.Thread.run(Thread.java:750)
Caused by: org.redisson.client.WriteRedisConnectionException: Unable to write command into connection! Increase nettyThreads setting. Node source: NodeSource [slot=0, addr=null, redisClient=null, redirect=null, entry=null], connection: RedisConnection@1707877754 [redisClient=[addr=redis://192.168.245.135:6379], channel=[id: 0x8ca1dfcf, L:/192.168.245.1:63027 ! R:192.168.245.135/192.168.245.135:6379], currentCommand=null, usage=1], command: (LPOP), params: [activity_sku_count_query_key_] after 3 retry attempts
	at org.redisson.command.RedisExecutor.checkWriteFuture(RedisExecutor.java:345)
	at org.redisson.command.RedisExecutor.lambda$execute$3(RedisExecutor.java:188)
	at io.netty.util.concurrent.DefaultPromise.notifyListener0(DefaultPromise.java:590)
	at io.netty.util.concurrent.DefaultPromise.notifyListenersNow(DefaultPromise.java:557)
	at io.netty.util.concurrent.DefaultPromise.notifyListeners(DefaultPromise.java:492)
	at io.netty.util.concurrent.DefaultPromise.setValue0(DefaultPromise.java:636)
	at io.netty.util.concurrent.DefaultPromise.setFailure0(DefaultPromise.java:629)
	at io.netty.util.concurrent.DefaultPromise.tryFailure(DefaultPromise.java:118)
	at io.netty.channel.AbstractChannel$AbstractUnsafe.safeSetFailure(AbstractChannel.java:999)
	at io.netty.channel.AbstractChannel$AbstractUnsafe.write(AbstractChannel.java:860)
	at io.netty.channel.DefaultChannelPipeline$HeadContext.write(DefaultChannelPipeline.java:1367)
	at io.netty.channel.AbstractChannelHandlerContext.invokeWrite0(AbstractChannelHandlerContext.java:877)
	at io.netty.channel.AbstractChannelHandlerContext.invokeWriteAndFlush(AbstractChannelHandlerContext.java:940)
	at io.netty.channel.AbstractChannelHandlerContext$WriteTask.run(AbstractChannelHandlerContext.java:1247)
	at io.netty.util.concurrent.AbstractEventExecutor.runTask$$$capture(AbstractEventExecutor.java:174)
	at io.netty.util.concurrent.AbstractEventExecutor.runTask(AbstractEventExecutor.java)
	at io.netty.util.concurrent.AbstractEventExecutor.safeExecute$$$capture(AbstractEventExecutor.java:167)
	at io.netty.util.concurrent.AbstractEventExecutor.safeExecute(AbstractEventExecutor.java)
	at io.netty.util.concurrent.SingleThreadEventExecutor.runAllTasks(SingleThreadEventExecutor.java:470)
	at io.netty.channel.nio.NioEventLoop.run(NioEventLoop.java:569)
	at io.netty.util.concurrent.SingleThreadEventExecutor$4.run(SingleThreadEventExecutor.java:997)
	at io.netty.util.internal.ThreadExecutorMap$2.run(ThreadExecutorMap.java:74)
	at io.netty.util.concurrent.FastThreadLocalRunnable.run(FastThreadLocalRunnable.java:30)
	... 1 common frames omitted
Caused by: io.netty.channel.StacklessClosedChannelException: null
	at io.netty.channel.AbstractChannel$AbstractUnsafe.write(Object, ChannelPromise)(Unknown Source)
24-12-18.08:39:30.219 [scheduling-1    ] ERROR TaskUtils$LoggingErrorHandler - Unexpected error occurred in scheduled task
org.springframework.data.redis.RedisConnectionFailureException: Unable to write command into connection! Increase nettyThreads setting. Node source: NodeSource [slot=0, addr=null, redisClient=null, redirect=null, entry=null], connection: RedisConnection@1010548085 [redisClient=[addr=redis://192.168.245.135:6379], channel=[id: 0x9b7318ec, L:/192.168.245.1:63031 ! R:192.168.245.135/192.168.245.135:6379], currentCommand=null, usage=1], command: (LPOP), params: [strategy_award_queue_key] after 3 retry attempts; nested exception is org.redisson.client.WriteRedisConnectionException: Unable to write command into connection! Increase nettyThreads setting. Node source: NodeSource [slot=0, addr=null, redisClient=null, redirect=null, entry=null], connection: RedisConnection@1010548085 [redisClient=[addr=redis://192.168.245.135:6379], channel=[id: 0x9b7318ec, L:/192.168.245.1:63031 ! R:192.168.245.135/192.168.245.135:6379], currentCommand=null, usage=1], command: (LPOP), params: [strategy_award_queue_key] after 3 retry attempts
	at org.redisson.spring.data.connection.RedissonExceptionConverter.convert(RedissonExceptionConverter.java:40)
	at org.redisson.spring.data.connection.RedissonExceptionConverter.convert(RedissonExceptionConverter.java:35)
	at org.springframework.data.redis.PassThroughExceptionTranslationStrategy.translate(PassThroughExceptionTranslationStrategy.java:44)
	at org.redisson.spring.data.connection.RedissonConnectionFactory.translateExceptionIfPossible(RedissonConnectionFactory.java:91)
	at org.springframework.dao.support.ChainedPersistenceExceptionTranslator.translateExceptionIfPossible(ChainedPersistenceExceptionTranslator.java:61)
	at org.springframework.dao.support.DataAccessUtils.translateIfNecessary(DataAccessUtils.java:242)
	at org.springframework.dao.support.PersistenceExceptionTranslationInterceptor.invoke(PersistenceExceptionTranslationInterceptor.java:152)
	at org.springframework.aop.framework.ReflectiveMethodInvocation.proceed(ReflectiveMethodInvocation.java:186)
	at org.springframework.aop.framework.CglibAopProxy$CglibMethodInvocation.proceed(CglibAopProxy.java:763)
	at org.springframework.aop.framework.CglibAopProxy$DynamicAdvisedInterceptor.intercept(CglibAopProxy.java:708)
	at com.aqiu.infrastructure.persistent.repository.StrategyRepository$$EnhancerBySpringCGLIB$$20fe32f2.takeQueueValue(<generated>)
	at com.aqiu.domain.strategy.service.raffle.DefaultRaffleStrategy.takeQueueValue(DefaultRaffleStrategy.java:56)
	at com.aqiu.trigger.job.UpdateAwardStockJob.exec(UpdateAwardStockJob.java:22)
	at sun.reflect.GeneratedMethodAccessor34.invoke(Unknown Source)
	at sun.reflect.DelegatingMethodAccessorImpl.invoke(DelegatingMethodAccessorImpl.java:43)
	at java.lang.reflect.Method.invoke(Method.java:498)
	at org.springframework.scheduling.support.ScheduledMethodRunnable.run(ScheduledMethodRunnable.java:84)
	at org.springframework.scheduling.support.DelegatingErrorHandlingRunnable.run(DelegatingErrorHandlingRunnable.java:54)
	at org.springframework.scheduling.concurrent.ReschedulingRunnable.run(ReschedulingRunnable.java:95)
	at java.util.concurrent.Executors$RunnableAdapter.call(Executors.java:511)
	at java.util.concurrent.FutureTask.run$$$capture(FutureTask.java:266)
	at java.util.concurrent.FutureTask.run(FutureTask.java)
	at java.util.concurrent.ScheduledThreadPoolExecutor$ScheduledFutureTask.access$201(ScheduledThreadPoolExecutor.java:180)
	at java.util.concurrent.ScheduledThreadPoolExecutor$ScheduledFutureTask.run(ScheduledThreadPoolExecutor.java:293)
	at java.util.concurrent.ThreadPoolExecutor.runWorker(ThreadPoolExecutor.java:1149)
	at java.util.concurrent.ThreadPoolExecutor$Worker.run(ThreadPoolExecutor.java:624)
	at java.lang.Thread.run(Thread.java:750)
Caused by: org.redisson.client.WriteRedisConnectionException: Unable to write command into connection! Increase nettyThreads setting. Node source: NodeSource [slot=0, addr=null, redisClient=null, redirect=null, entry=null], connection: RedisConnection@1010548085 [redisClient=[addr=redis://192.168.245.135:6379], channel=[id: 0x9b7318ec, L:/192.168.245.1:63031 ! R:192.168.245.135/192.168.245.135:6379], currentCommand=null, usage=1], command: (LPOP), params: [strategy_award_queue_key] after 3 retry attempts
	at org.redisson.command.RedisExecutor.checkWriteFuture(RedisExecutor.java:345)
	at org.redisson.command.RedisExecutor.lambda$execute$3(RedisExecutor.java:188)
	at io.netty.util.concurrent.DefaultPromise.notifyListener0(DefaultPromise.java:590)
	at io.netty.util.concurrent.DefaultPromise.notifyListenersNow(DefaultPromise.java:557)
	at io.netty.util.concurrent.DefaultPromise.notifyListeners(DefaultPromise.java:492)
	at io.netty.util.concurrent.DefaultPromise.setValue0(DefaultPromise.java:636)
	at io.netty.util.concurrent.DefaultPromise.setFailure0(DefaultPromise.java:629)
	at io.netty.util.concurrent.DefaultPromise.tryFailure(DefaultPromise.java:118)
	at io.netty.channel.AbstractChannel$AbstractUnsafe.safeSetFailure(AbstractChannel.java:999)
	at io.netty.channel.AbstractChannel$AbstractUnsafe.write(AbstractChannel.java:860)
	at io.netty.channel.DefaultChannelPipeline$HeadContext.write(DefaultChannelPipeline.java:1367)
	at io.netty.channel.AbstractChannelHandlerContext.invokeWrite0(AbstractChannelHandlerContext.java:877)
	at io.netty.channel.AbstractChannelHandlerContext.invokeWriteAndFlush(AbstractChannelHandlerContext.java:940)
	at io.netty.channel.AbstractChannelHandlerContext$WriteTask.run(AbstractChannelHandlerContext.java:1247)
	at io.netty.util.concurrent.AbstractEventExecutor.runTask$$$capture(AbstractEventExecutor.java:174)
	at io.netty.util.concurrent.AbstractEventExecutor.runTask(AbstractEventExecutor.java)
	at io.netty.util.concurrent.AbstractEventExecutor.safeExecute$$$capture(AbstractEventExecutor.java:167)
	at io.netty.util.concurrent.AbstractEventExecutor.safeExecute(AbstractEventExecutor.java)
	at io.netty.util.concurrent.SingleThreadEventExecutor.runAllTasks(SingleThreadEventExecutor.java:470)
	at io.netty.channel.nio.NioEventLoop.run(NioEventLoop.java:569)
	at io.netty.util.concurrent.SingleThreadEventExecutor$4.run(SingleThreadEventExecutor.java:997)
	at io.netty.util.internal.ThreadExecutorMap$2.run(ThreadExecutorMap.java:74)
	at io.netty.util.concurrent.FastThreadLocalRunnable.run(FastThreadLocalRunnable.java:30)
	... 1 common frames omitted
Caused by: io.netty.channel.StacklessClosedChannelException: null
	at io.netty.channel.AbstractChannel$AbstractUnsafe.write(Object, ChannelPromise)(Unknown Source)
24-12-18.08:39:33.529 [scheduling-1    ] ERROR TaskUtils$LoggingErrorHandler - Unexpected error occurred in scheduled task
org.springframework.data.redis.RedisConnectionFailureException: Unable to write command into connection! Increase nettyThreads setting. Node source: NodeSource [slot=0, addr=null, redisClient=null, redirect=null, entry=null], connection: RedisConnection@199941314 [redisClient=[addr=redis://192.168.245.135:6379], channel=[id: 0x8769e9c7, L:/192.168.245.1:63025 ! R:192.168.245.135/192.168.245.135:6379], currentCommand=null, usage=1], command: (LPOP), params: [activity_sku_count_query_key_] after 3 retry attempts; nested exception is org.redisson.client.WriteRedisConnectionException: Unable to write command into connection! Increase nettyThreads setting. Node source: NodeSource [slot=0, addr=null, redisClient=null, redirect=null, entry=null], connection: RedisConnection@199941314 [redisClient=[addr=redis://192.168.245.135:6379], channel=[id: 0x8769e9c7, L:/192.168.245.1:63025 ! R:192.168.245.135/192.168.245.135:6379], currentCommand=null, usage=1], command: (LPOP), params: [activity_sku_count_query_key_] after 3 retry attempts
	at org.redisson.spring.data.connection.RedissonExceptionConverter.convert(RedissonExceptionConverter.java:40)
	at org.redisson.spring.data.connection.RedissonExceptionConverter.convert(RedissonExceptionConverter.java:35)
	at org.springframework.data.redis.PassThroughExceptionTranslationStrategy.translate(PassThroughExceptionTranslationStrategy.java:44)
	at org.redisson.spring.data.connection.RedissonConnectionFactory.translateExceptionIfPossible(RedissonConnectionFactory.java:91)
	at org.springframework.dao.support.ChainedPersistenceExceptionTranslator.translateExceptionIfPossible(ChainedPersistenceExceptionTranslator.java:61)
	at org.springframework.dao.support.DataAccessUtils.translateIfNecessary(DataAccessUtils.java:242)
	at org.springframework.dao.support.PersistenceExceptionTranslationInterceptor.invoke(PersistenceExceptionTranslationInterceptor.java:152)
	at org.springframework.aop.framework.ReflectiveMethodInvocation.proceed(ReflectiveMethodInvocation.java:186)
	at org.springframework.aop.framework.CglibAopProxy$CglibMethodInvocation.proceed(CglibAopProxy.java:763)
	at org.springframework.aop.framework.CglibAopProxy$DynamicAdvisedInterceptor.intercept(CglibAopProxy.java:708)
	at com.aqiu.infrastructure.persistent.repository.ActivityRepository$$EnhancerBySpringCGLIB$$35fa6a46.takeQueueValue(<generated>)
	at com.aqiu.domain.activity.service.quota.RaffleActivityAccountQuotaService.takeQueueValue(RaffleActivityAccountQuotaService.java:57)
	at com.aqiu.trigger.job.UpdateActivitySkuStockJob.exec(UpdateActivitySkuStockJob.java:21)
	at sun.reflect.GeneratedMethodAccessor32.invoke(Unknown Source)
	at sun.reflect.DelegatingMethodAccessorImpl.invoke(DelegatingMethodAccessorImpl.java:43)
	at java.lang.reflect.Method.invoke(Method.java:498)
	at org.springframework.scheduling.support.ScheduledMethodRunnable.run(ScheduledMethodRunnable.java:84)
	at org.springframework.scheduling.support.DelegatingErrorHandlingRunnable.run(DelegatingErrorHandlingRunnable.java:54)
	at org.springframework.scheduling.concurrent.ReschedulingRunnable.run(ReschedulingRunnable.java:95)
	at java.util.concurrent.Executors$RunnableAdapter.call(Executors.java:511)
	at java.util.concurrent.FutureTask.run$$$capture(FutureTask.java:266)
	at java.util.concurrent.FutureTask.run(FutureTask.java)
	at java.util.concurrent.ScheduledThreadPoolExecutor$ScheduledFutureTask.access$201(ScheduledThreadPoolExecutor.java:180)
	at java.util.concurrent.ScheduledThreadPoolExecutor$ScheduledFutureTask.run(ScheduledThreadPoolExecutor.java:293)
	at java.util.concurrent.ThreadPoolExecutor.runWorker(ThreadPoolExecutor.java:1149)
	at java.util.concurrent.ThreadPoolExecutor$Worker.run(ThreadPoolExecutor.java:624)
	at java.lang.Thread.run(Thread.java:750)
Caused by: org.redisson.client.WriteRedisConnectionException: Unable to write command into connection! Increase nettyThreads setting. Node source: NodeSource [slot=0, addr=null, redisClient=null, redirect=null, entry=null], connection: RedisConnection@199941314 [redisClient=[addr=redis://192.168.245.135:6379], channel=[id: 0x8769e9c7, L:/192.168.245.1:63025 ! R:192.168.245.135/192.168.245.135:6379], currentCommand=null, usage=1], command: (LPOP), params: [activity_sku_count_query_key_] after 3 retry attempts
	at org.redisson.command.RedisExecutor.checkWriteFuture(RedisExecutor.java:345)
	at org.redisson.command.RedisExecutor.lambda$execute$3(RedisExecutor.java:188)
	at io.netty.util.concurrent.DefaultPromise.notifyListener0(DefaultPromise.java:590)
	at io.netty.util.concurrent.DefaultPromise.notifyListenersNow(DefaultPromise.java:557)
	at io.netty.util.concurrent.DefaultPromise.access$200(DefaultPromise.java:35)
	at io.netty.util.concurrent.DefaultPromise$1.run(DefaultPromise.java:503)
	at io.netty.util.concurrent.AbstractEventExecutor.runTask$$$capture(AbstractEventExecutor.java:174)
	at io.netty.util.concurrent.AbstractEventExecutor.runTask(AbstractEventExecutor.java)
	at io.netty.util.concurrent.AbstractEventExecutor.safeExecute$$$capture(AbstractEventExecutor.java:167)
	at io.netty.util.concurrent.AbstractEventExecutor.safeExecute(AbstractEventExecutor.java)
	at io.netty.util.concurrent.SingleThreadEventExecutor.runAllTasks(SingleThreadEventExecutor.java:470)
	at io.netty.channel.nio.NioEventLoop.run(NioEventLoop.java:569)
	at io.netty.util.concurrent.SingleThreadEventExecutor$4.run(SingleThreadEventExecutor.java:997)
	at io.netty.util.internal.ThreadExecutorMap$2.run(ThreadExecutorMap.java:74)
	at io.netty.util.concurrent.FastThreadLocalRunnable.run(FastThreadLocalRunnable.java:30)
	... 1 common frames omitted
Caused by: io.netty.channel.StacklessClosedChannelException: null
	at io.netty.channel.AbstractChannel$AbstractUnsafe.write(Object, ChannelPromise)(Unknown Source)
24-12-18.08:39:38.224 [scheduling-1    ] ERROR TaskUtils$LoggingErrorHandler - Unexpected error occurred in scheduled task
org.springframework.data.redis.RedisConnectionFailureException: Unable to write command into connection! Increase nettyThreads setting. Node source: NodeSource [slot=0, addr=null, redisClient=null, redirect=null, entry=null], connection: RedisConnection@457576115 [redisClient=[addr=redis://192.168.245.135:6379], channel=[id: 0x1a4ee210, L:/192.168.245.1:63029 ! R:192.168.245.135/192.168.245.135:6379], currentCommand=null, usage=1], command: (LPOP), params: [strategy_award_queue_key] after 3 retry attempts; nested exception is org.redisson.client.WriteRedisConnectionException: Unable to write command into connection! Increase nettyThreads setting. Node source: NodeSource [slot=0, addr=null, redisClient=null, redirect=null, entry=null], connection: RedisConnection@457576115 [redisClient=[addr=redis://192.168.245.135:6379], channel=[id: 0x1a4ee210, L:/192.168.245.1:63029 ! R:192.168.245.135/192.168.245.135:6379], currentCommand=null, usage=1], command: (LPOP), params: [strategy_award_queue_key] after 3 retry attempts
	at org.redisson.spring.data.connection.RedissonExceptionConverter.convert(RedissonExceptionConverter.java:40)
	at org.redisson.spring.data.connection.RedissonExceptionConverter.convert(RedissonExceptionConverter.java:35)
	at org.springframework.data.redis.PassThroughExceptionTranslationStrategy.translate(PassThroughExceptionTranslationStrategy.java:44)
	at org.redisson.spring.data.connection.RedissonConnectionFactory.translateExceptionIfPossible(RedissonConnectionFactory.java:91)
	at org.springframework.dao.support.ChainedPersistenceExceptionTranslator.translateExceptionIfPossible(ChainedPersistenceExceptionTranslator.java:61)
	at org.springframework.dao.support.DataAccessUtils.translateIfNecessary(DataAccessUtils.java:242)
	at org.springframework.dao.support.PersistenceExceptionTranslationInterceptor.invoke(PersistenceExceptionTranslationInterceptor.java:152)
	at org.springframework.aop.framework.ReflectiveMethodInvocation.proceed(ReflectiveMethodInvocation.java:186)
	at org.springframework.aop.framework.CglibAopProxy$CglibMethodInvocation.proceed(CglibAopProxy.java:763)
	at org.springframework.aop.framework.CglibAopProxy$DynamicAdvisedInterceptor.intercept(CglibAopProxy.java:708)
	at com.aqiu.infrastructure.persistent.repository.StrategyRepository$$EnhancerBySpringCGLIB$$20fe32f2.takeQueueValue(<generated>)
	at com.aqiu.domain.strategy.service.raffle.DefaultRaffleStrategy.takeQueueValue(DefaultRaffleStrategy.java:56)
	at com.aqiu.trigger.job.UpdateAwardStockJob.exec(UpdateAwardStockJob.java:22)
	at sun.reflect.GeneratedMethodAccessor34.invoke(Unknown Source)
	at sun.reflect.DelegatingMethodAccessorImpl.invoke(DelegatingMethodAccessorImpl.java:43)
	at java.lang.reflect.Method.invoke(Method.java:498)
	at org.springframework.scheduling.support.ScheduledMethodRunnable.run(ScheduledMethodRunnable.java:84)
	at org.springframework.scheduling.support.DelegatingErrorHandlingRunnable.run(DelegatingErrorHandlingRunnable.java:54)
	at org.springframework.scheduling.concurrent.ReschedulingRunnable.run(ReschedulingRunnable.java:95)
	at java.util.concurrent.Executors$RunnableAdapter.call(Executors.java:511)
	at java.util.concurrent.FutureTask.run$$$capture(FutureTask.java:266)
	at java.util.concurrent.FutureTask.run(FutureTask.java)
	at java.util.concurrent.ScheduledThreadPoolExecutor$ScheduledFutureTask.access$201(ScheduledThreadPoolExecutor.java:180)
	at java.util.concurrent.ScheduledThreadPoolExecutor$ScheduledFutureTask.run(ScheduledThreadPoolExecutor.java:293)
	at java.util.concurrent.ThreadPoolExecutor.runWorker(ThreadPoolExecutor.java:1149)
	at java.util.concurrent.ThreadPoolExecutor$Worker.run(ThreadPoolExecutor.java:624)
	at java.lang.Thread.run(Thread.java:750)
Caused by: org.redisson.client.WriteRedisConnectionException: Unable to write command into connection! Increase nettyThreads setting. Node source: NodeSource [slot=0, addr=null, redisClient=null, redirect=null, entry=null], connection: RedisConnection@457576115 [redisClient=[addr=redis://192.168.245.135:6379], channel=[id: 0x1a4ee210, L:/192.168.245.1:63029 ! R:192.168.245.135/192.168.245.135:6379], currentCommand=null, usage=1], command: (LPOP), params: [strategy_award_queue_key] after 3 retry attempts
	at org.redisson.command.RedisExecutor.checkWriteFuture(RedisExecutor.java:345)
	at org.redisson.command.RedisExecutor.lambda$execute$3(RedisExecutor.java:188)
	at io.netty.util.concurrent.DefaultPromise.notifyListener0(DefaultPromise.java:590)
	at io.netty.util.concurrent.DefaultPromise.notifyListenersNow(DefaultPromise.java:557)
	at io.netty.util.concurrent.DefaultPromise.notifyListeners(DefaultPromise.java:492)
	at io.netty.util.concurrent.DefaultPromise.setValue0(DefaultPromise.java:636)
	at io.netty.util.concurrent.DefaultPromise.setFailure0(DefaultPromise.java:629)
	at io.netty.util.concurrent.DefaultPromise.tryFailure(DefaultPromise.java:118)
	at io.netty.channel.AbstractChannel$AbstractUnsafe.safeSetFailure(AbstractChannel.java:999)
	at io.netty.channel.AbstractChannel$AbstractUnsafe.write(AbstractChannel.java:860)
	at io.netty.channel.DefaultChannelPipeline$HeadContext.write(DefaultChannelPipeline.java:1367)
	at io.netty.channel.AbstractChannelHandlerContext.invokeWrite0(AbstractChannelHandlerContext.java:877)
	at io.netty.channel.AbstractChannelHandlerContext.invokeWriteAndFlush(AbstractChannelHandlerContext.java:940)
	at io.netty.channel.AbstractChannelHandlerContext$WriteTask.run(AbstractChannelHandlerContext.java:1247)
	at io.netty.util.concurrent.AbstractEventExecutor.runTask$$$capture(AbstractEventExecutor.java:174)
	at io.netty.util.concurrent.AbstractEventExecutor.runTask(AbstractEventExecutor.java)
	at io.netty.util.concurrent.AbstractEventExecutor.safeExecute$$$capture(AbstractEventExecutor.java:167)
	at io.netty.util.concurrent.AbstractEventExecutor.safeExecute(AbstractEventExecutor.java)
	at io.netty.util.concurrent.SingleThreadEventExecutor.runAllTasks(SingleThreadEventExecutor.java:470)
	at io.netty.channel.nio.NioEventLoop.run(NioEventLoop.java:569)
	at io.netty.util.concurrent.SingleThreadEventExecutor$4.run(SingleThreadEventExecutor.java:997)
	at io.netty.util.internal.ThreadExecutorMap$2.run(ThreadExecutorMap.java:74)
	at io.netty.util.concurrent.FastThreadLocalRunnable.run(FastThreadLocalRunnable.java:30)
	... 1 common frames omitted
Caused by: io.netty.channel.StacklessClosedChannelException: null
	at io.netty.channel.AbstractChannel$AbstractUnsafe.write(Object, ChannelPromise)(Unknown Source)
24-12-18.08:39:49.430 [Retail_HikariCP housekeeper] WARN  HikariPool             - Retail_HikariCP - Thread starvation or clock leap detected (housekeeper delta=15h8m14s73ms863s900ns).
24-12-18.08:39:49.476 [Retail_HikariCP housekeeper] WARN  HikariPool             - Retail_HikariCP - Thread starvation or clock leap detected (housekeeper delta=15h8m14s73ms500s700ns).
24-12-18.08:39:49.476 [Retail_HikariCP housekeeper] WARN  HikariPool             - Retail_HikariCP - Thread starvation or clock leap detected (housekeeper delta=15h8m14s73ms500s800ns).
