24-12-19.17:10:58.403 [main            ] INFO  Application            - Starting Application using Java 1.8.0_332 on chaoqi with PID 31484 (E:\workspace\study_project\big-market\big-market-app\target\classes started by lenovo in E:\workspace\study_project\big-market)
24-12-19.17:10:58.405 [main            ] INFO  Application            - The following 1 profile is active: "dev"
24-12-19.17:11:00.035 [main            ] INFO  RepositoryConfigurationDelegate - Multiple Spring Data modules found, entering strict repository configuration mode
24-12-19.17:11:00.040 [main            ] INFO  RepositoryConfigurationDelegate - Bootstrapping Spring Data Redis repositories in DEFAULT mode.
24-12-19.17:11:00.119 [main            ] INFO  RepositoryConfigurationDelegate - Finished Spring Data repository scanning in 57 ms. Found 0 Redis repository interfaces.
24-12-19.17:11:01.129 [main            ] INFO  TomcatWebServer        - Tomcat initialized with port(s): 8091 (http)
24-12-19.17:11:01.130 [main            ] INFO  AprLifecycleListener   - Loaded Apache Tomcat Native library [1.2.32] using APR version [1.7.0].
24-12-19.17:11:01.130 [main            ] INFO  AprLifecycleListener   - APR capabilities: IPv6 [true], sendfile [true], accept filters [false], random [true], UDS [true].
24-12-19.17:11:01.130 [main            ] INFO  AprLifecycleListener   - APR/OpenSSL configuration: useAprConnector [false], useOpenSSL [true]
24-12-19.17:11:01.135 [main            ] INFO  AprLifecycleListener   - OpenSSL successfully initialized [OpenSSL 1.1.1n  15 Mar 2022]
24-12-19.17:11:01.145 [main            ] INFO  Http11NioProtocol      - Initializing ProtocolHandler ["http-nio-8091"]
24-12-19.17:11:01.146 [main            ] INFO  StandardService        - Starting service [Tomcat]
24-12-19.17:11:01.146 [main            ] INFO  StandardEngine         - Starting Servlet engine: [Apache Tomcat/9.0.75]
24-12-19.17:11:01.343 [main            ] INFO  [/]                    - Initializing Spring embedded WebApplicationContext
24-12-19.17:11:01.344 [main            ] INFO  ServletWebServerApplicationContext - Root WebApplicationContext: initialization completed in 2866 ms
24-12-19.17:11:02.001 [main            ] INFO  Version                - Redisson 3.23.4
24-12-19.17:11:03.223 [redisson-netty-2-22] INFO  MasterConnectionPool   - 10 connections initialized for 192.168.245.135/192.168.245.135:6379
24-12-19.17:11:03.240 [redisson-netty-2-23] INFO  MasterPubSubConnectionPool - 1 connections initialized for 192.168.245.135/192.168.245.135:6379
24-12-19.17:11:05.430 [main            ] INFO  EndpointLinksResolver  - Exposing 1 endpoint(s) beneath base path '/actuator'
24-12-19.17:11:05.566 [main            ] INFO  Http11NioProtocol      - Starting ProtocolHandler ["http-nio-8091"]
24-12-19.17:11:05.580 [main            ] INFO  TomcatWebServer        - Tomcat started on port(s): 8091 (http) with context path ''
24-12-19.17:11:05.583 [main            ] INFO  CachingConnectionFactory - Attempting to connect to: [192.168.245.135:5672]
24-12-19.17:11:05.647 [main            ] INFO  CachingConnectionFactory - Created new connection: rabbitConnectionFactory#7c70aae1:0/SimpleConnection@4768b95c [delegate=amqp://guest@192.168.245.135:5672/, localPort= 63752]
24-12-19.17:11:05.754 [main            ] INFO  Application            - Started Application in 8.036 seconds (JVM running for 9.989)
24-12-19.17:11:08.200 [RMI TCP Connection(2)-192.168.245.1] INFO  [/]                    - Initializing Spring DispatcherServlet 'dispatcherServlet'
24-12-19.17:11:08.201 [RMI TCP Connection(2)-192.168.245.1] INFO  DispatcherServlet      - Initializing Servlet 'dispatcherServlet'
24-12-19.17:11:08.202 [RMI TCP Connection(2)-192.168.245.1] INFO  DispatcherServlet      - Completed initialization in 1 ms
24-12-19.17:11:08.206 [RMI TCP Connection(3)-192.168.245.1] INFO  HikariDataSource       - Retail_HikariCP - Starting...
24-12-19.17:11:08.507 [RMI TCP Connection(3)-192.168.245.1] INFO  HikariDataSource       - Retail_HikariCP - Start completed.
24-12-19.17:11:08.532 [RMI TCP Connection(3)-192.168.245.1] INFO  HikariDataSource       - Retail_HikariCP - Starting...
24-12-19.17:11:08.556 [RMI TCP Connection(3)-192.168.245.1] INFO  HikariDataSource       - Retail_HikariCP - Start completed.
24-12-19.17:11:10.012 [scheduling-1    ] INFO  UpdateActivitySkuStockJob - 定时任务，更新活动sku缓存，【延迟队列获取】，降低对数据库的更新频次，不产生竞争
24-12-19.17:11:10.030 [scheduling-1    ] INFO  UpdateAwardStockJob    - 定时任务，更新奖品消耗库存【延迟队列获取，防止产生竞争】
24-12-19.17:11:15.014 [scheduling-1    ] INFO  UpdateActivitySkuStockJob - 定时任务，更新活动sku缓存，【延迟队列获取】，降低对数据库的更新频次，不产生竞争
24-12-19.17:11:15.017 [scheduling-1    ] INFO  UpdateAwardStockJob    - 定时任务，更新奖品消耗库存【延迟队列获取，防止产生竞争】
24-12-19.17:11:20.000 [scheduling-1    ] INFO  UpdateActivitySkuStockJob - 定时任务，更新活动sku缓存，【延迟队列获取】，降低对数据库的更新频次，不产生竞争
24-12-19.17:11:20.003 [scheduling-1    ] INFO  UpdateAwardStockJob    - 定时任务，更新奖品消耗库存【延迟队列获取，防止产生竞争】
24-12-19.17:11:25.005 [scheduling-1    ] INFO  UpdateActivitySkuStockJob - 定时任务，更新活动sku缓存，【延迟队列获取】，降低对数据库的更新频次，不产生竞争
24-12-19.17:11:25.007 [scheduling-1    ] INFO  UpdateAwardStockJob    - 定时任务，更新奖品消耗库存【延迟队列获取，防止产生竞争】
24-12-19.17:11:30.008 [scheduling-1    ] INFO  UpdateActivitySkuStockJob - 定时任务，更新活动sku缓存，【延迟队列获取】，降低对数据库的更新频次，不产生竞争
24-12-19.17:11:30.010 [scheduling-1    ] INFO  UpdateAwardStockJob    - 定时任务，更新奖品消耗库存【延迟队列获取，防止产生竞争】
24-12-19.17:11:35.014 [scheduling-1    ] INFO  UpdateAwardStockJob    - 定时任务，更新奖品消耗库存【延迟队列获取，防止产生竞争】
24-12-19.17:11:35.016 [scheduling-1    ] INFO  UpdateActivitySkuStockJob - 定时任务，更新活动sku缓存，【延迟队列获取】，降低对数据库的更新频次，不产生竞争
24-12-19.17:11:40.004 [scheduling-1    ] INFO  UpdateAwardStockJob    - 定时任务，更新奖品消耗库存【延迟队列获取，防止产生竞争】
24-12-19.17:11:40.006 [scheduling-1    ] INFO  UpdateActivitySkuStockJob - 定时任务，更新活动sku缓存，【延迟队列获取】，降低对数据库的更新频次，不产生竞争
24-12-19.17:11:45.013 [scheduling-1    ] INFO  UpdateAwardStockJob    - 定时任务，更新奖品消耗库存【延迟队列获取，防止产生竞争】
24-12-19.17:11:45.015 [scheduling-1    ] INFO  UpdateActivitySkuStockJob - 定时任务，更新活动sku缓存，【延迟队列获取】，降低对数据库的更新频次，不产生竞争
24-12-19.17:11:47.613 [org.springframework.amqp.rabbit.RabbitListenerEndpointContainer#2-1] INFO  SendRebateCustomer     - 监听行为返利消息 topic:send_rebate message:{"data":{"bizId":"xiaofuge_integral_20241218","rebateConfig":"10","rebateDesc":"签到返利-积分","rebateType":"integral","userId":"xiaofuge"},"id":"61905275865","timestamp":1734599507208}
24-12-19.17:11:47.789 [org.springframework.amqp.rabbit.RabbitListenerEndpointContainer#2-1] INFO  SendRebateCustomer     - 监听行为返利消息，消费成功，topic:send_rebate message:BaseEvent.EventMessage(id=61905275865, timestamp=Thu Dec 19 17:11:47 CST 2024, data=SendRebateMessageEvent.RebateMessage(userId=xiaofuge, rebateDesc=签到返利-积分, rebateType=integral, rebateConfig=10, bizId=xiaofuge_integral_20241218))
24-12-19.17:11:50.004 [scheduling-1    ] INFO  UpdateActivitySkuStockJob - 定时任务，更新活动sku缓存，【延迟队列获取】，降低对数据库的更新频次，不产生竞争
24-12-19.17:11:50.007 [scheduling-1    ] INFO  UpdateAwardStockJob    - 定时任务，更新奖品消耗库存【延迟队列获取，防止产生竞争】
24-12-19.17:11:55.001 [scheduling-1    ] INFO  UpdateAwardStockJob    - 定时任务，更新奖品消耗库存【延迟队列获取，防止产生竞争】
24-12-19.17:11:55.003 [scheduling-1    ] INFO  UpdateActivitySkuStockJob - 定时任务，更新活动sku缓存，【延迟队列获取】，降低对数据库的更新频次，不产生竞争
24-12-19.17:12:00.013 [scheduling-1    ] INFO  UpdateActivitySkuStockJob - 定时任务，更新活动sku缓存，【延迟队列获取】，降低对数据库的更新频次，不产生竞争
24-12-19.17:12:00.016 [scheduling-1    ] INFO  UpdateAwardStockJob    - 定时任务，更新奖品消耗库存【延迟队列获取，防止产生竞争】
24-12-19.17:12:05.004 [scheduling-1    ] INFO  UpdateAwardStockJob    - 定时任务，更新奖品消耗库存【延迟队列获取，防止产生竞争】
24-12-19.17:12:05.006 [scheduling-1    ] INFO  UpdateActivitySkuStockJob - 定时任务，更新活动sku缓存，【延迟队列获取】，降低对数据库的更新频次，不产生竞争
24-12-19.17:12:10.016 [scheduling-1    ] INFO  UpdateActivitySkuStockJob - 定时任务，更新活动sku缓存，【延迟队列获取】，降低对数据库的更新频次，不产生竞争
24-12-19.17:12:10.018 [scheduling-1    ] INFO  UpdateAwardStockJob    - 定时任务，更新奖品消耗库存【延迟队列获取，防止产生竞争】
24-12-19.17:12:15.011 [scheduling-1    ] INFO  UpdateAwardStockJob    - 定时任务，更新奖品消耗库存【延迟队列获取，防止产生竞争】
24-12-19.17:12:15.012 [scheduling-1    ] INFO  UpdateActivitySkuStockJob - 定时任务，更新活动sku缓存，【延迟队列获取】，降低对数据库的更新频次，不产生竞争
24-12-19.17:12:15.388 [org.springframework.amqp.rabbit.RabbitListenerEndpointContainer#0-2] INFO  SimpleMessageListenerContainer - Waiting for workers to finish.
24-12-19.17:12:15.389 [org.springframework.amqp.rabbit.RabbitListenerEndpointContainer#1-2] INFO  SimpleMessageListenerContainer - Waiting for workers to finish.
24-12-19.17:12:15.390 [org.springframework.amqp.rabbit.RabbitListenerEndpointContainer#2-2] INFO  SimpleMessageListenerContainer - Waiting for workers to finish.
24-12-19.17:12:15.975 [org.springframework.amqp.rabbit.RabbitListenerEndpointContainer#2-2] INFO  SimpleMessageListenerContainer - Successfully waited for workers to finish.
24-12-19.17:12:16.169 [org.springframework.amqp.rabbit.RabbitListenerEndpointContainer#1-2] INFO  SimpleMessageListenerContainer - Successfully waited for workers to finish.
24-12-19.17:12:16.170 [org.springframework.amqp.rabbit.RabbitListenerEndpointContainer#0-2] INFO  SimpleMessageListenerContainer - Successfully waited for workers to finish.
24-12-19.17:12:17.057 [SpringApplicationShutdownHook] INFO  SimpleMessageListenerContainer - Shutdown ignored - container is already stopped
24-12-19.17:12:17.057 [SpringApplicationShutdownHook] INFO  SimpleMessageListenerContainer - Shutdown ignored - container is already stopped
24-12-19.17:12:17.057 [SpringApplicationShutdownHook] INFO  SimpleMessageListenerContainer - Shutdown ignored - container is already stopped
